<?xml version="1.0" encoding="UTF-8"?>
<testsuite xmlns:xsi="http://www.w3.org/2001/XMLSchema-instance" xsi:noNamespaceSchemaLocation="https://maven.apache.org/surefire/maven-surefire-plugin/xsd/surefire-test-report.xsd" name="io.github.bonigarcia.webdriver.jupiter.ch03.locators.BestBuyHomepageTest" time="688.577" tests="53" errors="0" skipped="0" failures="0">
  <properties>
[...]
</properties>
  <testcase name="SmartSpeakers" classname="io.github.bonigarcia.webdriver.jupiter.ch03.locators.BestBuyHomepageTest" time="17.106"/>
  <testcase name="ApplianceSaleEvent" classname="io.github.bonigarcia.webdriver.jupiter.ch03.locators.BestBuyHomepageTest" time="13.293"/>
  <testcase name="WirelessHeadphones" classname="io.github.bonigarcia.webdriver.jupiter.ch03.locators.BestBuyHomepageTest" time="13.997"/>
  <testcase name="Speakers" classname="io.github.bonigarcia.webdriver.jupiter.ch03.locators.BestBuyHomepageTest" time="17.012"/>
  <testcase name="iPhoneNew" classname="io.github.bonigarcia.webdriver.jupiter.ch03.locators.BestBuyHomepageTest" time="15.444"/>
  <testcase name="BluetoothSpeakers" classname="io.github.bonigarcia.webdriver.jupiter.ch03.locators.BestBuyHomepageTest" time="10.704"/>
  <testcase name="SamsungGalaxy" classname="io.github.bonigarcia.webdriver.jupiter.ch03.locators.BestBuyHomepageTest" time="10.3"/>
  <testcase name="PrepaidPhoneCards" classname="io.github.bonigarcia.webdriver.jupiter.ch03.locators.BestBuyHomepageTest" time="14.953"/>
  <testcase name="VacuumFloorCare" classname="io.github.bonigarcia.webdriver.jupiter.ch03.locators.BestBuyHomepageTest" time="10.604"/>
  <testcase name="testLevel1DealsMenu" classname="io.github.bonigarcia.webdriver.jupiter.ch03.locators.BestBuyHomepageTest" time="10.168"/>
  <testcase name="testTVHometheatre" classname="io.github.bonigarcia.webdriver.jupiter.ch03.locators.BestBuyHomepageTest" time="10.217"/>
  <testcase name="testLevel1Appliances" classname="io.github.bonigarcia.webdriver.jupiter.ch03.locators.BestBuyHomepageTest" time="10.559"/>
  <testcase name="iPhone" classname="io.github.bonigarcia.webdriver.jupiter.ch03.locators.BestBuyHomepageTest" time="10.484"/>
  <testcase name="Luxurykitchen" classname="io.github.bonigarcia.webdriver.jupiter.ch03.locators.BestBuyHomepageTest" time="9.975"/>
  <testcase name="PrepaidCellPhones" classname="io.github.bonigarcia.webdriver.jupiter.ch03.locators.BestBuyHomepageTest" time="15.109"/>
  <testcase name="SamsungTV" classname="io.github.bonigarcia.webdriver.jupiter.ch03.locators.BestBuyHomepageTest" time="15.135"/>
  <testcase name="ComputerComponents" classname="io.github.bonigarcia.webdriver.jupiter.ch03.locators.BestBuyHomepageTest" time="9.892"/>
  <testcase name="Dishwashers" classname="io.github.bonigarcia.webdriver.jupiter.ch03.locators.BestBuyHomepageTest" time="12.879"/>
  <testcase name="PrepaidPhoneandPlans" classname="io.github.bonigarcia.webdriver.jupiter.ch03.locators.BestBuyHomepageTest" time="9.967"/>
  <testcase name="TopTVDeals" classname="io.github.bonigarcia.webdriver.jupiter.ch03.locators.BestBuyHomepageTest" time="13.909"/>
  <testcase name="Monitors" classname="io.github.bonigarcia.webdriver.jupiter.ch03.locators.BestBuyHomepageTest" time="11.499"/>
  <testcase name="TVUnder" classname="io.github.bonigarcia.webdriver.jupiter.ch03.locators.BestBuyHomepageTest" time="18.411"/>
  <testcase name="HomeAudio" classname="io.github.bonigarcia.webdriver.jupiter.ch03.locators.BestBuyHomepageTest" time="11.859"/>
  <testcase name="Headphones" classname="io.github.bonigarcia.webdriver.jupiter.ch03.locators.BestBuyHomepageTest" time="10.926"/>
  <testcase name="LGTV" classname="io.github.bonigarcia.webdriver.jupiter.ch03.locators.BestBuyHomepageTest" time="22.076"/>
  <testcase name="TVByBrand" classname="io.github.bonigarcia.webdriver.jupiter.ch03.locators.BestBuyHomepageTest" time="10.255"/>
  <testcase name="CpuProcessor" classname="io.github.bonigarcia.webdriver.jupiter.ch03.locators.BestBuyHomepageTest" time="14.551"/>
  <testcase name="BigTV" classname="io.github.bonigarcia.webdriver.jupiter.ch03.locators.BestBuyHomepageTest" time="13.418"/>
  <testcase name="testLevel1AudioMenu" classname="io.github.bonigarcia.webdriver.jupiter.ch03.locators.BestBuyHomepageTest" time="10.011"/>
  <testcase name="LaptopDesktop" classname="io.github.bonigarcia.webdriver.jupiter.ch03.locators.BestBuyHomepageTest" time="9.993"/>
  <testcase name="SoundBars" classname="io.github.bonigarcia.webdriver.jupiter.ch03.locators.BestBuyHomepageTest" time="14.375"/>
  <testcase name="PortableSpeakers" classname="io.github.bonigarcia.webdriver.jupiter.ch03.locators.BestBuyHomepageTest" time="15.457"/>
  <testcase name="VacuumsFloorCareDeals" classname="io.github.bonigarcia.webdriver.jupiter.ch03.locators.BestBuyHomepageTest" time="13.339"/>
  <testcase name="UltrawideMonitors" classname="io.github.bonigarcia.webdriver.jupiter.ch03.locators.BestBuyHomepageTest" time="14.743"/>
  <testcase name="testLevel1SupportServicesMenu" classname="io.github.bonigarcia.webdriver.jupiter.ch03.locators.BestBuyHomepageTest" time="10.221"/>
  <testcase name="Airpods" classname="io.github.bonigarcia.webdriver.jupiter.ch03.locators.BestBuyHomepageTest" time="13.661"/>
  <testcase name="testLevel1ComputerTablet" classname="io.github.bonigarcia.webdriver.jupiter.ch03.locators.BestBuyHomepageTest" time="10.718"/>
  <testcase name="VideoGraphicCard" classname="io.github.bonigarcia.webdriver.jupiter.ch03.locators.BestBuyHomepageTest" time="14.363"/>
  <testcase name="GamingDesktops" classname="io.github.bonigarcia.webdriver.jupiter.ch03.locators.BestBuyHomepageTest" time="14.718"/>
  <testcase name="LuxuryAppliancePromotion" classname="io.github.bonigarcia.webdriver.jupiter.ch03.locators.BestBuyHomepageTest" time="12.805"/>
  <testcase name="iPhoneNewPro" classname="io.github.bonigarcia.webdriver.jupiter.ch03.locators.BestBuyHomepageTest" time="14.555"/>
  <testcase name="Majorkitchen" classname="io.github.bonigarcia.webdriver.jupiter.ch03.locators.BestBuyHomepageTest" time="10.943"/>
  <testcase name="iPhoneOldPro" classname="io.github.bonigarcia.webdriver.jupiter.ch03.locators.BestBuyHomepageTest" time="14.248"/>
  <testcase name="TVBySize" classname="io.github.bonigarcia.webdriver.jupiter.ch03.locators.BestBuyHomepageTest" time="11.228"/>
  <testcase name="TVByType" classname="io.github.bonigarcia.webdriver.jupiter.ch03.locators.BestBuyHomepageTest" time="10.295"/>
  <testcase name="Laptops" classname="io.github.bonigarcia.webdriver.jupiter.ch03.locators.BestBuyHomepageTest" time="13.417"/>
  <testcase name="KMonitors" classname="io.github.bonigarcia.webdriver.jupiter.ch03.locators.BestBuyHomepageTest" time="14.232"/>
  <testcase name="GalaxyS23FE" classname="io.github.bonigarcia.webdriver.jupiter.ch03.locators.BestBuyHomepageTest" time="14.536"/>
  <testcase name="TopTVDeal" classname="io.github.bonigarcia.webdriver.jupiter.ch03.locators.BestBuyHomepageTest" time="15.033"/>
  <testcase name="LuxuryRanges" classname="io.github.bonigarcia.webdriver.jupiter.ch03.locators.BestBuyHomepageTest" time="14.694"/>
  <testcase name="testLevel1CellPhones" classname="io.github.bonigarcia.webdriver.jupiter.ch03.locators.BestBuyHomepageTest" time="9.664"/>
  <testcase name="GalaxyS23" classname="io.github.bonigarcia.webdriver.jupiter.ch03.locators.BestBuyHomepageTest" time="12.567"/>
  <testcase name="UprightVacuum" classname="io.github.bonigarcia.webdriver.jupiter.ch03.locators.BestBuyHomepageTest" time="14.027"/>
</testsuite>